/*C34*/SET SCHEMA PUBLIC
CREATE TABLE IF NOT EXISTS AL_CONFIGURATION ( PROPERTY_NAME VARCHAR(255) NOT NULL UNIQUE , PROPERTY_VALUE LONGVARCHAR ) 
CREATE TABLE IF NOT EXISTS AL_GROUPS ( GROUP_NAME VARCHAR(255) NOT NULL PRIMARY KEY , DESCRIPTION LONGVARCHAR ) 
CREATE TABLE IF NOT EXISTS AL_TABLES ( TABLE_NAME VARCHAR(255) NOT NULL PRIMARY KEY , GROUP_NAME VARCHAR(255) , DESCRIPTION LONGVARCHAR ) 
CREATE TABLE IF NOT EXISTS AL_CUSTOM_TYPE ( TABLE_NAME VARCHAR(255) , COLUMN_NAME VARCHAR(255) , TYPE VARCHAR(255) , NAME VARCHAR(255) ) 
CREATE TABLE IF NOT EXISTS AL_VIEWS ( VIEW_NAME VARCHAR(255) NOT NULL UNIQUE , VIEW_DEFINITION LONGVARCHAR , IS_VALID BOOLEAN ) 
CREATE TABLE IF NOT EXISTS AL_SELECTED_LOG_OBJECTS ( NAME VARCHAR(255) NOT NULL UNIQUE , TYPE VARCHAR(255) ) 
CREATE TABLE IF NOT EXISTS AL_DB_OBJECTS ( NAME VARCHAR(255) NOT NULL UNIQUE , TYPE VARCHAR(255) , USAGE VARCHAR(255) ) 
/*C35*/SET SCHEMA PUBLIC
DELETE FROM RETAILERS WHERE AL_ID=810
DELETE FROM RETAILERS WHERE AL_ID=811
DELETE FROM RETAILERS WHERE AL_ID=812
DELETE FROM RETAILERS WHERE AL_ID=813
DELETE FROM RETAILERS WHERE AL_ID=814
DELETE FROM RETAILERS WHERE AL_ID=815
DELETE FROM RETAILERS WHERE AL_ID=816
DELETE FROM RETAILERS WHERE AL_ID=817
DELETE FROM RETAILERS WHERE AL_ID=818
INSERT INTO RETAILERS VALUES(819,'Nanjing','Maanshan',118.84E0,31.56E0)
INSERT INTO RETAILERS VALUES(820,'Nanjing','Zhenjiang',119.43E0,32.13E0)
INSERT INTO RETAILERS VALUES(821,'Nanjing','Taizhou',119.88E0,32.32E0)
INSERT INTO RETAILERS VALUES(822,'Hangzhou','Shaoxing',120.49E0,30.08E0)
INSERT INTO RETAILERS VALUES(823,'Hangzhou','Ningbo',121.84E0,29.9E0)
INSERT INTO RETAILERS VALUES(824,'Hangzhou','Zhoushan',122.1E0,30.02E0)
INSERT INTO RETAILERS VALUES(825,'Shanghai','Suzhou',120.63E0,31.3E0)
INSERT INTO RETAILERS VALUES(826,'Shanghai','Jiaxing',120.78E0,30.75E0)
INSERT INTO RETAILERS VALUES(827,'Shanghai','Changzhou',119.6E0,31.72E0)
COMMIT
DELETE FROM WHOLESALERS WHERE AL_ID=270
DELETE FROM WHOLESALERS WHERE AL_ID=271
DELETE FROM WHOLESALERS WHERE AL_ID=272
INSERT INTO WHOLESALERS VALUES(273,'Nanjing',118.78E0,32.04E0)
INSERT INTO WHOLESALERS VALUES(274,'Hangzhou',120.21E0,30.21E0)
INSERT INTO WHOLESALERS VALUES(275,'Shanghai',121.48E0,31.22E0)
COMMIT
DELETE FROM RETAILERS WHERE AL_ID=819
DELETE FROM RETAILERS WHERE AL_ID=820
DELETE FROM RETAILERS WHERE AL_ID=821
DELETE FROM RETAILERS WHERE AL_ID=822
DELETE FROM RETAILERS WHERE AL_ID=823
DELETE FROM RETAILERS WHERE AL_ID=824
DELETE FROM RETAILERS WHERE AL_ID=825
DELETE FROM RETAILERS WHERE AL_ID=826
DELETE FROM RETAILERS WHERE AL_ID=827
INSERT INTO RETAILERS VALUES(828,'Nanjing','Maanshan',118.84E0,31.56E0)
INSERT INTO RETAILERS VALUES(829,'Nanjing','Zhenjiang',119.43E0,32.13E0)
INSERT INTO RETAILERS VALUES(830,'Nanjing','Taizhou',119.88E0,32.32E0)
INSERT INTO RETAILERS VALUES(831,'Hangzhou','Shaoxing',120.49E0,30.08E0)
INSERT INTO RETAILERS VALUES(832,'Hangzhou','Ningbo',121.84E0,29.9E0)
INSERT INTO RETAILERS VALUES(833,'Hangzhou','Zhoushan',122.1E0,30.02E0)
INSERT INTO RETAILERS VALUES(834,'Shanghai','Suzhou',120.63E0,31.3E0)
INSERT INTO RETAILERS VALUES(835,'Shanghai','Jiaxing',120.78E0,30.75E0)
INSERT INTO RETAILERS VALUES(836,'Shanghai','Changzhou',119.6E0,31.72E0)
COMMIT
DELETE FROM WHOLESALERS WHERE AL_ID=273
DELETE FROM WHOLESALERS WHERE AL_ID=274
DELETE FROM WHOLESALERS WHERE AL_ID=275
INSERT INTO WHOLESALERS VALUES(276,'Nanjing',118.78E0,32.04E0)
INSERT INTO WHOLESALERS VALUES(277,'Hangzhou',120.21E0,30.21E0)
INSERT INTO WHOLESALERS VALUES(278,'Shanghai',121.48E0,31.22E0)
COMMIT
DELETE FROM RETAILERS WHERE AL_ID=828
DELETE FROM RETAILERS WHERE AL_ID=829
DELETE FROM RETAILERS WHERE AL_ID=830
DELETE FROM RETAILERS WHERE AL_ID=831
DELETE FROM RETAILERS WHERE AL_ID=832
DELETE FROM RETAILERS WHERE AL_ID=833
DELETE FROM RETAILERS WHERE AL_ID=834
DELETE FROM RETAILERS WHERE AL_ID=835
DELETE FROM RETAILERS WHERE AL_ID=836
INSERT INTO RETAILERS VALUES(837,'Nanjing','Maanshan',118.84E0,31.56E0)
INSERT INTO RETAILERS VALUES(838,'Nanjing','Zhenjiang',119.43E0,32.13E0)
INSERT INTO RETAILERS VALUES(839,'Nanjing','Taizhou',119.88E0,32.32E0)
INSERT INTO RETAILERS VALUES(840,'Hangzhou','Shaoxing',120.49E0,30.08E0)
INSERT INTO RETAILERS VALUES(841,'Hangzhou','Ningbo',121.84E0,29.9E0)
INSERT INTO RETAILERS VALUES(842,'Hangzhou','Zhoushan',122.1E0,30.02E0)
INSERT INTO RETAILERS VALUES(843,'Shanghai','Suzhou',120.63E0,31.3E0)
INSERT INTO RETAILERS VALUES(844,'Shanghai','Jiaxing',120.78E0,30.75E0)
INSERT INTO RETAILERS VALUES(845,'Shanghai','Changzhou',119.6E0,31.72E0)
COMMIT
DELETE FROM WHOLESALERS WHERE AL_ID=276
DELETE FROM WHOLESALERS WHERE AL_ID=277
DELETE FROM WHOLESALERS WHERE AL_ID=278
INSERT INTO WHOLESALERS VALUES(279,'Nanjing',118.78E0,32.04E0)
INSERT INTO WHOLESALERS VALUES(280,'Hangzhou',120.21E0,30.21E0)
INSERT INTO WHOLESALERS VALUES(281,'Shanghai',121.48E0,31.22E0)
COMMIT
DELETE FROM RETAILERS WHERE AL_ID=837
DELETE FROM RETAILERS WHERE AL_ID=838
DELETE FROM RETAILERS WHERE AL_ID=839
DELETE FROM RETAILERS WHERE AL_ID=840
DELETE FROM RETAILERS WHERE AL_ID=841
DELETE FROM RETAILERS WHERE AL_ID=842
DELETE FROM RETAILERS WHERE AL_ID=843
DELETE FROM RETAILERS WHERE AL_ID=844
DELETE FROM RETAILERS WHERE AL_ID=845
INSERT INTO RETAILERS VALUES(846,'Nanjing','Maanshan',118.84E0,31.56E0)
INSERT INTO RETAILERS VALUES(847,'Nanjing','Zhenjiang',119.43E0,32.13E0)
INSERT INTO RETAILERS VALUES(848,'Nanjing','Taizhou',119.88E0,32.32E0)
INSERT INTO RETAILERS VALUES(849,'Hangzhou','Shaoxing',120.49E0,30.08E0)
INSERT INTO RETAILERS VALUES(850,'Hangzhou','Ningbo',121.84E0,29.9E0)
INSERT INTO RETAILERS VALUES(851,'Hangzhou','Zhoushan',122.1E0,30.02E0)
INSERT INTO RETAILERS VALUES(852,'Shanghai','Suzhou',120.63E0,31.3E0)
INSERT INTO RETAILERS VALUES(853,'Shanghai','Jiaxing',120.78E0,30.75E0)
INSERT INTO RETAILERS VALUES(854,'Shanghai','Changzhou',119.6E0,31.72E0)
COMMIT
DELETE FROM WHOLESALERS WHERE AL_ID=279
DELETE FROM WHOLESALERS WHERE AL_ID=280
DELETE FROM WHOLESALERS WHERE AL_ID=281
INSERT INTO WHOLESALERS VALUES(282,'Nanjing',118.78E0,32.04E0)
INSERT INTO WHOLESALERS VALUES(283,'Hangzhou',120.21E0,30.21E0)
INSERT INTO WHOLESALERS VALUES(284,'Shanghai',121.48E0,31.22E0)
COMMIT
DELETE FROM RETAILERS WHERE AL_ID=846
DELETE FROM RETAILERS WHERE AL_ID=847
DELETE FROM RETAILERS WHERE AL_ID=848
DELETE FROM RETAILERS WHERE AL_ID=849
DELETE FROM RETAILERS WHERE AL_ID=850
DELETE FROM RETAILERS WHERE AL_ID=851
DELETE FROM RETAILERS WHERE AL_ID=852
DELETE FROM RETAILERS WHERE AL_ID=853
DELETE FROM RETAILERS WHERE AL_ID=854
INSERT INTO RETAILERS VALUES(855,'Nanjing','Maanshan',118.84E0,31.56E0)
INSERT INTO RETAILERS VALUES(856,'Nanjing','Zhenjiang',119.43E0,32.13E0)
INSERT INTO RETAILERS VALUES(857,'Nanjing','Taizhou',119.88E0,32.32E0)
INSERT INTO RETAILERS VALUES(858,'Hangzhou','Shaoxing',120.49E0,30.08E0)
INSERT INTO RETAILERS VALUES(859,'Hangzhou','Ningbo',121.84E0,29.9E0)
INSERT INTO RETAILERS VALUES(860,'Hangzhou','Zhoushan',122.1E0,30.02E0)
INSERT INTO RETAILERS VALUES(861,'Shanghai','Suzhou',120.63E0,31.3E0)
INSERT INTO RETAILERS VALUES(862,'Shanghai','Jiaxing',120.78E0,30.75E0)
INSERT INTO RETAILERS VALUES(863,'Shanghai','Changzhou',119.6E0,31.72E0)
COMMIT
DELETE FROM WHOLESALERS WHERE AL_ID=282
DELETE FROM WHOLESALERS WHERE AL_ID=283
DELETE FROM WHOLESALERS WHERE AL_ID=284
INSERT INTO WHOLESALERS VALUES(285,'Nanjing',118.78E0,32.04E0)
INSERT INTO WHOLESALERS VALUES(286,'Hangzhou',120.21E0,30.21E0)
INSERT INTO WHOLESALERS VALUES(287,'Shanghai',121.48E0,31.22E0)
COMMIT
DELETE FROM RETAILERS WHERE AL_ID=855
DELETE FROM RETAILERS WHERE AL_ID=856
DELETE FROM RETAILERS WHERE AL_ID=857
DELETE FROM RETAILERS WHERE AL_ID=858
DELETE FROM RETAILERS WHERE AL_ID=859
DELETE FROM RETAILERS WHERE AL_ID=860
DELETE FROM RETAILERS WHERE AL_ID=861
DELETE FROM RETAILERS WHERE AL_ID=862
DELETE FROM RETAILERS WHERE AL_ID=863
INSERT INTO RETAILERS VALUES(864,'Nanjing','Maanshan',118.84E0,31.56E0)
INSERT INTO RETAILERS VALUES(865,'Nanjing','Zhenjiang',119.43E0,32.13E0)
INSERT INTO RETAILERS VALUES(866,'Nanjing','Taizhou',119.88E0,32.32E0)
INSERT INTO RETAILERS VALUES(867,'Hangzhou','Shaoxing',120.49E0,30.08E0)
INSERT INTO RETAILERS VALUES(868,'Hangzhou','Ningbo',121.84E0,29.9E0)
INSERT INTO RETAILERS VALUES(869,'Hangzhou','Zhoushan',122.1E0,30.02E0)
INSERT INTO RETAILERS VALUES(870,'Shanghai','Suzhou',120.63E0,31.3E0)
INSERT INTO RETAILERS VALUES(871,'Shanghai','Jiaxing',120.78E0,30.75E0)
INSERT INTO RETAILERS VALUES(872,'Shanghai','Changzhou',119.6E0,31.72E0)
COMMIT
DELETE FROM WHOLESALERS WHERE AL_ID=285
DELETE FROM WHOLESALERS WHERE AL_ID=286
DELETE FROM WHOLESALERS WHERE AL_ID=287
INSERT INTO WHOLESALERS VALUES(288,'Nanjing',118.78E0,32.04E0)
INSERT INTO WHOLESALERS VALUES(289,'Hangzhou',120.21E0,30.21E0)
INSERT INTO WHOLESALERS VALUES(290,'Shanghai',121.48E0,31.22E0)
COMMIT
DISCONNECT
/*C34*/DISCONNECT
